Start testing: Aug 23 14:19 CEST
----------------------------------------------------------
1/1 Testing: unit
1/1 Test: unit
Command: "/home/grisu/Documents/GitHub/3DAlpha/build-host/3dalpha_tests"
Directory: /home/grisu/Documents/GitHub/3DAlpha/build-host
"unit" start time: Aug 23 14:19 CEST
Output:
----------------------------------------------------------
  big_trees_match_the_jar
  a_big_tree_is_taller_and_wider_than_an_ordinary_one
  the_fixture_reaches_the_obstructed_line_check
  the_big_tree_fixture_covers_different_shapes
  the_generated_table_covers_every_id_a_file_can_hold
  air_is_nothing_and_stone_is_something
  unknown_ids_come_back_visible_rather_than_missing
  light_emitters_match_the_original
  opacity_distinguishes_see_through_from_full_cube
  translucency_is_three_blocks_and_lines_up_with_nothing_else
  render_types_are_what_the_mesher_will_switch_on
  per_face_textures_are_what_the_original_hands_the_renderer
  a_block_with_one_texture_repeats_it_on_every_face
  every_face_texture_is_inside_the_atlas
  the_registry_reads_blocks_straight_out_of_a_column
  material_solidity_is_not_any_of_the_other_columns
  a_fluids_flowing_and_still_forms_share_a_material
  every_known_block_has_a_material_and_unknown_ids_do_not
  decode_reads_the_column_arrays_in_yzx_order
  a_realistic_column_round_trips_byte_for_byte
  every_block_and_nibble_survives_the_round_trip
  compacting_does_not_change_what_gets_saved
  unmodelled_tags_survive_a_load_and_save
  a_chunk_missing_a_required_array_is_rejected
  a_modelled_chunk_tag_with_the_wrong_type_is_rejected
  a_failed_decode_leaves_the_target_alone
  truncated_chunk_files_fail_cleanly_at_every_length
  corrupted_chunk_files_fail_cleanly
  an_id_the_format_cannot_hold_refuses_to_save
  base36_matches_java_integer_tostring
  chunk_paths_match_the_alpha_layout
  chunk_dir_path_is_the_prefix_of_the_file_path
  file_names_round_trip_through_parsing
  malformed_file_names_are_rejected
  overlong_world_dir_fails_instead_of_overflowing
  a_reached_section_is_queued_then_drawn_once_it_has_a_mesh
  a_section_meshed_to_nothing_never_returns_to_the_queue
  the_mesh_budget_caps_the_queue_without_losing_the_rest
  an_evicted_section_goes_back_into_the_queue
  a_column_displaced_from_its_cell_gives_its_memory_back
  re_publishing_the_same_column_keeps_its_meshes
  invalidating_a_section_requeues_it_and_re_uploading_does_not_leak
  dropping_a_column_hands_everything_back
  a_column_beyond_the_mesh_distance_is_refused
  a_mesh_for_a_column_that_has_gone_is_dropped
  text_shorter_than_the_console_is_untouched
  text_exactly_the_width_is_untouched
  text_wider_than_the_console_loses_its_tail
  an_escape_sequence_costs_no_columns
  an_escape_sequence_survives_the_clip_whole
  the_bracket_is_not_mistaken_for_a_final_byte
  a_truncated_escape_at_the_end_does_not_run_off
  the_output_buffer_is_never_overrun
  a_zero_sized_buffer_writes_nothing
  zero_columns_keeps_escapes_and_no_text
  a_plain_triple_parses
  separators_are_forgiving
  decimals_are_kept
  the_far_lands_can_be_typed
  out_of_range_is_refused_rather_than_clamped
  strtod_spellings_that_are_not_coordinates_are_refused
  malformed_input_is_refused
  a_missing_separator_is_refused_not_guessed
  surrounding_whitespace_alone_is_accepted
  every_rejection_carries_a_message
  the_brightness_table_matches_the_loop_that_builds_it
  alpha_holds_full_daylight_for_half_the_day
  dusk_steps_down_eleven_times_and_dawn_climbs_back
  the_day_is_monotonic_down_then_up
  night_is_dim_but_not_black_and_caves_ignore_the_sun
  a_negative_or_huge_stored_time_stays_in_range
  dungeons_match_the_jar
  the_dungeon_fixture_covers_placement_refusal_and_every_mob
  the_loot_table_reaches_every_branch
  the_spawner_picker_weights_zombie_double
  flowers_and_mushrooms_match_the_jar
  the_flower_fixture_separates_light_from_dark
  the_two_ground_and_light_predicates_disagree_as_they_should
  fluid_height_is_in_ninths_not_eighths
  a_lake_surface_is_flat_at_eight_ninths
  an_isolated_source_sags_at_every_corner
  a_solid_neighbour_leaves_the_corner_alone_and_a_hollow_one_pulls_it_down
  fluid_above_pins_the_corner_to_the_top_of_the_block
  a_flowing_cell_lowers_the_corner_it_touches
  a_fluid_draws_no_face_against_its_own_material
  a_fluid_draws_no_face_against_ice
  a_fluid_side_is_hidden_by_an_opaque_neighbour_only
  a_fluid_top_face_is_drawn_even_under_stone
  still_water_has_no_flow_direction
  water_flows_away_from_the_higher_neighbour
  water_flows_toward_the_lip_of_a_drop
  a_solid_neighbour_blocks_the_pull_from_below
  a_falling_column_with_open_sides_points_straight_down
  an_isolated_source_emits_all_six_faces_into_one_detail_stream
  water_goes_to_the_translucent_stream_and_lava_to_the_opaque_one
  a_buried_fluid_emits_nothing_at_all
  the_top_face_sits_at_the_corner_heights_and_the_bottom_at_the_block_base
  a_side_face_runs_from_the_surface_down_to_the_block_base
  a_still_top_face_reads_exactly_its_own_tile
  a_flowing_top_face_reads_across_the_tile_boundary_by_design
  fluid_light_is_the_brighter_of_a_cell_and_the_one_above_it
  fluid_faces_carry_the_same_directional_shade_as_a_cube
  the_mesher_routes_fluid_through_the_detail_stream
  unknown_blocks_and_air_are_never_this_fluids_material
  a_point_in_front_is_visible_and_one_behind_is_not
  the_field_of_view_widens_with_distance
  a_box_straddling_a_plane_counts_as_visible
  the_positive_vertex_test_does_not_miss_a_corner
  sections_are_tested_in_world_coordinates
  a_section_is_culled_the_same_however_far_from_the_origin_it_is
  without_an_origin_far_out_culling_is_wrong_rather_than_merely_imprecise
  far_out_culling_agrees_with_the_origin_across_a_whole_band
  the_two_clip_conventions_disagree_only_about_the_near_plane
  a_citro3d_projection_clips_between_minus_one_and_zero
  an_uninitialised_frustum_draws_everything_rather_than_nothing
  planes_come_back_normalised
  the_chunk_generator_matches_a_real_world
  imports_only_the_textures
  entries_are_copied_without_being_recompressed
  a_successful_import_is_a_pack_that_loads
  a_jar_with_a_broken_terrain_is_not_a_success
  a_jar_with_no_textures_is_refused
  what_is_not_a_jar_is_refused_without_writing_anything
  the_pack_name_comes_from_the_jar_name
  java_narrowing_matches_the_jvm
  the_floor_wraps_at_the_bottom_the_way_java_does
  the_float_overload_saturates_on_representable_bounds
  java_random_seed_scramble
  java_random_next_int
  java_random_next_int_bounded
  java_random_next_long
  java_random_next_float
  java_random_next_double
  java_random_next_boolean
  java_random_next_gaussian
  java_random_set_seed_clears_gaussian_cache
  java_random_stream_is_shared_across_methods
  level_dat_fields_decode
  snow_covered_round_trips_in_both_states
  a_level_dat_without_snow_covered_decodes_as_false_and_gains_the_tag
  level_dat_round_trips_byte_for_byte
  a_dimension_tag_is_neither_invented_nor_dropped
  an_empty_inventory_round_trips_as_an_empty_list
  an_absent_player_stays_absent
  unmodelled_level_tags_survive_a_load_and_save
  a_modelled_tag_with_the_wrong_type_is_rejected
  a_failed_level_dat_decode_leaves_the_target_alone
  truncated_level_dat_fails_cleanly_at_every_length
  corrupted_level_dat_fails_cleanly
  an_edited_level_saves_what_was_edited
  lighting_matches_a_fully_settled_jar_world
  the_standalone_height_map_matches_the_jar
  the_light_fixtures_are_not_degenerate
  the_search_settles_each_cell_about_once
  a_missing_neighbour_column_is_air_not_a_crash
  liquid_springs_match_the_jar
  the_liquid_fixture_covers_both_outcomes
  the_liquid_generator_cannot_touch_the_random_stream
  springs_at_the_world_floor_and_ceiling_refuse_cleanly
  an_empty_section_produces_no_geometry
  a_lone_block_shows_all_six_faces_once
  touching_faces_between_two_opaque_blocks_are_both_dropped
  a_solid_section_is_hollow_from_the_inside
  glass_is_a_full_cube_that_does_not_cull_its_neighbour
  the_checkerboard_is_the_worst_case_the_index_buffer_is_sized_for
  faces_are_wound_counter_clockwise_seen_from_outside
  the_four_corners_of_a_quad_are_distinct_and_coplanar
  face_shade_is_what_the_original_applies
  uvs_land_on_the_blocks_atlas_tile
  each_face_gets_its_own_tile_not_the_blocks_default
  light_is_sampled_from_the_cell_the_face_looks_into
  sky_light_above_the_world_is_full_not_missing
  section_boundaries_within_a_column_cull_against_each_other
  a_neighbouring_column_culls_across_the_chunk_border
  a_missing_neighbour_reads_as_air_rather_than_crashing
  non_cube_render_types_are_left_to_their_own_emitters
  has_emitter_agrees_with_what_the_dispatch_actually_reaches
  a_cross_is_two_planes_drawn_from_both_sides
  a_cross_is_inset_the_way_the_original_insets_it
  a_cross_maps_the_tile_the_same_way_up_as_the_block
  a_cross_is_unshaded_and_lit_from_its_own_cell
  the_three_vertex_streams_concatenate_in_draw_order
  an_unknown_block_is_meshed_as_a_visible_cube
  positions_stay_inside_the_byte_range_the_format_allows
  writer_produces_readable_document
  reader_extracts_values
  round_trip_is_semantically_identical
  truncation_fails_cleanly_at_every_length
  corruption_fails_cleanly
  deeply_nested_input_is_rejected_not_crashed
  list_of_end_type_with_nonzero_count_is_rejected
  gzip_round_trip
  zlib_round_trip
  decompress_rejects_truncated_and_corrupt_streams
  decompress_honours_its_output_ceiling
  decompress_appends_rather_than_replacing
  perlin_construction_matches_the_jar
  perlin_permutation_upper_half_mirrors_the_lower
  octave_noise_matches_the_jar_bit_for_bit
  octave_noise_output_is_y_fastest
  the_y_slab_cache_is_observable
  the_y_slab_cache_never_fires_at_terrain_scale
  the_block_table_matches_the_jars_opaque_cube_array
  opaque_and_opaque_cube_disagree_exactly_where_the_jar_does
  ore_veins_match_the_jar
  clay_refuses_on_dry_land_without_touching_the_stream
  veins_at_the_world_edges_are_clipped_not_wrapped
  dev_art_fills_the_whole_atlas_and_is_deterministic
  dev_art_gives_a_fluid_group_one_surface
  dev_art_carves_the_torch_tiles
  a_16x_pack_is_copied_unchanged
  an_hd_pack_is_box_filtered_down
  downscaling_does_not_darken_a_cutout_edge
  downscaling_a_fully_transparent_region_does_not_divide_by_zero
  a_small_pack_is_replicated_not_interpolated
  refuses_a_terrain_png_that_is_not_a_tile_grid
  a_directory_is_a_pack_too
  dev_art_is_pinned_first_and_always_there
  lists_packs_by_name_and_skips_what_is_not_one
  lists_jars_across_both_folders_with_their_sizes
  the_a112_file_table_matches_what_the_jar_holds
  reeds_and_cactus_match_the_jar
  the_plant_fixture_covers_both_outcomes
  reed_placement_needs_water_beside_the_block_below
  cactus_refuses_a_solid_neighbour_and_the_wrong_ground
  decodes_rgba
  row_zero_is_the_top_row
  decodes_every_scanline_filter
  decodes_palette_with_transparency
  decodes_greyscale_with_colour_key
  concatenates_split_idat
  refuses_what_it_does_not_decode
  refuses_an_image_beyond_the_ceiling
  refuses_corrupt_pixel_data
  the_whole_population_pass_matches_the_jar
  the_populate_fixture_changes_the_centre_and_its_neighbours
  the_snow_sweep_is_exercised
  a_3x3_window_is_as_good_as_the_5x5_the_fixture_uses
  files_round_trip_through_the_posix_backend
  an_atomic_write_replaces_and_leaves_no_temporary
  an_empty_file_is_a_file_not_a_failure
  read_refuses_a_file_over_the_ceiling
  reading_a_missing_file_or_a_directory_fails_cleanly
  make_directories_creates_every_component_and_is_idempotent
  directory_listing_separates_files_from_directories
  remove_file_is_idempotent
  a_quad_is_eight_bytes_and_a_vertex_quad_is_forty_eight
  the_quad_format_expands_to_exactly_the_vertex_format
  both_triangulations_of_a_quad_wind_the_same_way
  the_ranges_report_the_format_they_were_built_in
  the_worst_case_section_still_fits_the_pools_largest_class
  copying_out_writes_the_quads_the_builder_holds
  a_quad_never_addresses_a_cell_outside_the_section
  the_bulk_fill_agrees_with_a_per_cell_reference
  the_shell_matches_at_the_world_floor_and_ceiling
  a_fill_with_no_columns_at_all_is_air_everywhere
  section_index_is_y_fastest
  default_section_is_uniform_air_and_costs_nothing
  set_block_promotes_through_every_encoding
  palette_overflow_escapes_to_direct_storage
  assign_blocks_picks_the_tightest_encoding
  assign_and_write_blocks_round_trip
  compact_drops_an_encoding_that_is_no_longer_needed
  clone_is_a_deep_copy
  nibble_array_stays_uniform_until_a_value_differs
  nibble_array_compacts_a_plane_filled_one_value_at_a_time
  nibble_array_packs_even_indices_low
  nibble_array_assign_collapses_a_uniform_plane
  chunk_column_maps_y_to_the_right_section
  chunk_column_nibble_planes_are_addressed_independently
  an_empty_column_costs_almost_nothing
  a_blank_seed_means_roll_one
  a_number_is_that_number
  anything_that_is_not_a_number_is_hashed_the_way_java_hashes_it
  a_number_too_big_for_a_long_falls_through_to_the_hash
  the_hash_is_sign_extended_like_java_widening_an_int
  a_seed_above_the_basic_plane_hashes_as_a_surrogate_pair
  malformed_utf8_hashes_as_replacement_characters_rather_than_running_off
  settings_round_trip
  the_built_in_pack_round_trips_as_empty
  a_missing_file_is_the_first_boot_state
  a_hand_edited_file_still_loads
  a_pack_name_with_a_separator_is_ignored
  saving_drops_keys_this_build_does_not_know
  the_sine_table_matches_the_jvm_bit_for_bit
  sine_table_samples_match
  math_helper_sin_is_quantised_not_exact
  math_helper_cos_is_the_table_a_quarter_turn_along
  the_version_manifest_binds_the_storage_slot
  creating_a_world_writes_level_dat_and_the_lock
  creating_over_an_existing_world_is_refused
  opening_something_that_is_not_a_world_says_so
  a_corrupt_level_dat_is_not_mistaken_for_a_missing_one
  a_chunk_round_trips_through_the_disk
  saving_a_chunk_twice_replaces_it
  a_chunk_filed_under_the_wrong_name_is_refused
  missing_and_damaged_chunks_fail_rather_than_load_something
  the_world_scan_finds_every_chunk_and_ignores_everything_else
  the_session_lock_notices_another_writer
  level_edits_persist_across_a_close_and_reopen
  nothing_works_before_the_world_is_open
  a_streamer_fills_an_empty_world_and_saves_what_it_makes
  a_second_session_reads_what_the_first_one_generated
  generation_is_off_by_default_and_an_empty_world_stays_empty
  a_worker_thread_produces_the_same_world_as_generating_inline
  fdlibm_constants_match_their_published_bit_patterns
  strict_math_log_matches_the_jvm_bit_for_bit
  strict_math_log_handles_zero_negatives_and_infinities
  generate_terrain_matches_the_jar
  replace_blocks_for_biome_matches_the_jar
  caves_match_the_jar
  the_cave_fixtures_actually_carve_something
  the_far_lands_fixtures_are_actually_far_lands
  ordinary_chunks_are_empty_at_the_build_ceiling
  chunk_seeding_is_reproducible_and_seed_dependent
  a_reused_provider_generates_the_same_column_as_a_fresh_one
  snow_covered_puts_ice_only_at_the_waterline
  morton_matches_the_written_out_tile
  morton_ignores_everything_above_the_tile
  tiles_run_across_then_down
  flip_sends_row_zero_to_the_last_row_of_memory
  the_atlas_map_covers_every_word_exactly_once
  the_lightmap_map_covers_every_word_exactly_once
  tiling_an_image_round_trips
  torch_mount_puts_the_stick_base_on_the_wall
  torch_mount_stands_upright_for_every_other_metadata
  torch_is_five_quads_in_the_opaque_detail_stream
  torch_side_quads_are_full_block_and_wound_outward
  torch_cap_sits_at_five_eighths_and_is_an_eighth_across
  torch_lean_is_a_shear_with_the_bottom_displaced
  torch_cap_lies_on_the_line_the_sides_are_sheared_along
  torch_at_a_section_edge_leans_out_of_it
  torch_cap_samples_the_two_texel_square_the_flame_sits_on
  torch_sides_take_the_whole_tile
  torch_reads_face_zero_and_not_the_blocks_bare_texture
  a_light_emitting_torch_is_drawn_full_bright_regardless_of_its_cell
  an_unlit_redstone_torch_reads_its_cell_like_anything_else
  torch_geometry_is_unshaded
  mesh_section_emits_torches_through_the_detail_stream
  trees_match_the_jar
  the_tree_fixture_covers_growth_and_refusal
  a_grown_tree_has_a_trunk_a_canopy_and_dirt_beneath_it
  the_tree_count_matches_the_jar
  the_tree_count_fixture_is_not_constant
  size_classes_grow_and_cover_the_largest_section_a_mesher_can_produce
  the_shipped_ratio_covers_a_section_with_room_to_spare
  a_ratio_too_fine_to_reach_the_top_reports_failure_rather_than_truncating
  a_ratio_close_to_one_still_terminates
  an_uploaded_mesh_comes_back_byte_for_byte
  a_released_block_is_handed_to_the_next_mesh_of_its_size
  vram_fills_before_linear_and_the_nearest_meshes_arrive_first
  a_tier_that_refuses_an_allocation_falls_through_instead_of_failing
  the_least_recently_drawn_section_is_the_one_evicted
  nothing_drawn_this_frame_is_ever_evicted_to_make_room
  evictions_survive_a_frame_boundary_and_a_refused_upload
  a_mesh_of_a_different_size_reclaims_free_blocks_before_evicting
  a_full_pool_settles_instead_of_thrashing
  shutting_down_hands_every_block_back
  re_budgeting_starts_from_a_clean_pool
  the_pool_holds_its_invariants_under_random_traffic
  a_mesh_larger_than_the_top_size_class_is_refused_not_truncated
  the_pair_numbering_covers_every_pair_exactly_once
  an_air_section_connects_everything_and_a_solid_one_connects_nothing
  a_face_never_connects_to_itself
  a_straight_tunnel_connects_only_the_faces_it_opens_on
  two_tunnels_that_never_meet_do_not_connect_their_faces
  crossing_tunnels_connect_all_four_of_their_faces
  a_sealed_cavity_connects_nothing
  a_pocket_touching_one_wall_still_connects_nothing
  transparent_blocks_are_passable_to_the_search
  a_uniform_transparent_section_is_open
  a_one_block_slab_of_air_touches_opposite_faces_at_once
  the_field_addresses_columns_by_absolute_coordinate
  a_wrapped_cell_does_not_answer_for_the_column_that_used_to_hold_it
  a_column_moving_into_a_cell_brings_no_meshes_with_it
  an_open_world_is_walked_to_the_edge_of_the_field
  sections_the_walk_never_reaches_are_never_queued_for_meshing
  a_solid_world_stops_at_the_camera_and_its_six_neighbours
  a_corridor_is_followed_and_its_walls_are_not
  the_camera_section_is_kept_even_when_the_frustum_rejects_it
  the_walk_does_not_escape_into_unloaded_columns
  an_unloaded_camera_column_still_lets_the_walk_start
  the_mesh_queue_is_ordered_nearest_first
  the_draw_list_is_ordered_nearest_first_too
  meshed_and_unmeshed_sections_land_in_different_lists
  a_section_meshed_to_nothing_is_neither_drawn_nor_queued
  every_section_is_visited_at_most_once
  a_camera_outside_the_world_height_is_clamped_not_rejected
  a_field_that_was_never_sized_produces_nothing_rather_than_reading_memory
  listing_an_absent_saves_folder_is_empty_rather_than_an_error
  a_listing_reports_every_world_newest_first
  worlds_played_at_the_same_moment_are_ordered_by_name
  a_directory_without_a_level_dat_is_not_a_world
  listing_a_world_does_not_touch_it
  a_new_world_gets_the_first_free_slot_name
  a_typed_world_name_is_made_safe_for_a_card
  deleting_a_world_removes_its_whole_tree
  delete_refuses_anything_that_is_not_a_world
  reads_stored_and_deflated_entries
  reads_an_entry_whose_local_header_lies
  raw_bytes_are_the_stored_form
  a_directory_entry_is_not_a_file
  refuses_what_is_not_a_zip
  refuses_names_that_escape
  builder_round_trips_verbatim_entries
  builder_refuses_an_unsafe_name
  builder_stores_an_empty_entry

407/407 passed
<end of output>
Test time = 119.19 sec
----------------------------------------------------------
Test Passed.
"unit" end time: Aug 23 14:21 CEST
"unit" time elapsed: 00:01:59
----------------------------------------------------------

End testing: Aug 23 14:21 CEST
